
38. Printing statistics.

=== wrapper ===

   Number of wires:              16979
   Number of wire bits:          16993
   Number of public wires:       16979
   Number of public wire bits:   16993
   Number of memories:               0
   Number of memory bits:            0
   Number of processes:              0
   Number of cells:              16860
     sky130_fd_sc_hd__a211o_2       20
     sky130_fd_sc_hd__a211oi_2       3
     sky130_fd_sc_hd__a21bo_2        5
     sky130_fd_sc_hd__a21boi_2       6
     sky130_fd_sc_hd__a21boi_4      30
     sky130_fd_sc_hd__a21o_2       175
     sky130_fd_sc_hd__a21oi_2      554
     sky130_fd_sc_hd__a21oi_4      148
     sky130_fd_sc_hd__a221o_2        8
     sky130_fd_sc_hd__a221oi_2       3
     sky130_fd_sc_hd__a22o_2         1
     sky130_fd_sc_hd__a2bb2o_2       6
     sky130_fd_sc_hd__a311o_2        5
     sky130_fd_sc_hd__a31o_2       114
     sky130_fd_sc_hd__a31oi_2        2
     sky130_fd_sc_hd__a31oi_4        9
     sky130_fd_sc_hd__a32o_2        12
     sky130_fd_sc_hd__a41o_2         5
     sky130_fd_sc_hd__and2_2        71
     sky130_fd_sc_hd__and2_4        13
     sky130_fd_sc_hd__and2b_2       13
     sky130_fd_sc_hd__and2b_4        2
     sky130_fd_sc_hd__and3_2        63
     sky130_fd_sc_hd__and3_4         8
     sky130_fd_sc_hd__and3b_2        3
     sky130_fd_sc_hd__and4_2         8
     sky130_fd_sc_hd__buf_1        377
     sky130_fd_sc_hd__buf_12        14
     sky130_fd_sc_hd__buf_2        655
     sky130_fd_sc_hd__buf_4        165
     sky130_fd_sc_hd__buf_6        157
     sky130_fd_sc_hd__buf_8         13
     sky130_fd_sc_hd__bufinv_8       1
     sky130_fd_sc_hd__conb_1        34
     sky130_fd_sc_hd__dfxtp_2     1283
     sky130_fd_sc_hd__inv_2       2225
     sky130_fd_sc_hd__inv_4         14
     sky130_fd_sc_hd__inv_6          2
     sky130_fd_sc_hd__mux2_2       165
     sky130_fd_sc_hd__nand2_2     4273
     sky130_fd_sc_hd__nand2_4       85
     sky130_fd_sc_hd__nand2_8        2
     sky130_fd_sc_hd__nand2b_2      11
     sky130_fd_sc_hd__nand2b_4       2
     sky130_fd_sc_hd__nand3_2     1330
     sky130_fd_sc_hd__nand3_4       45
     sky130_fd_sc_hd__nand3b_2       5
     sky130_fd_sc_hd__nand3b_4       1
     sky130_fd_sc_hd__nor2_2      1437
     sky130_fd_sc_hd__nor2_4       107
     sky130_fd_sc_hd__nor2_8        89
     sky130_fd_sc_hd__nor2b_2        4
     sky130_fd_sc_hd__nor2b_4        1
     sky130_fd_sc_hd__nor3_2        10
     sky130_fd_sc_hd__nor3_4         2
     sky130_fd_sc_hd__nor3b_2        2
     sky130_fd_sc_hd__nor3b_4        1
     sky130_fd_sc_hd__o211a_2      513
     sky130_fd_sc_hd__o211a_4      265
     sky130_fd_sc_hd__o211ai_2     196
     sky130_fd_sc_hd__o21a_2       289
     sky130_fd_sc_hd__o21a_4         3
     sky130_fd_sc_hd__o21ai_2     1346
     sky130_fd_sc_hd__o21ai_4        1
     sky130_fd_sc_hd__o21ba_2        1
     sky130_fd_sc_hd__o21bai_2      26
     sky130_fd_sc_hd__o221a_2       10
     sky130_fd_sc_hd__o221ai_2       1
     sky130_fd_sc_hd__o22a_2         3
     sky130_fd_sc_hd__o22ai_2        2
     sky130_fd_sc_hd__o2bb2a_2       3
     sky130_fd_sc_hd__o2bb2ai_2     13
     sky130_fd_sc_hd__o311a_2        3
     sky130_fd_sc_hd__o311ai_2       1
     sky130_fd_sc_hd__o31a_2        19
     sky130_fd_sc_hd__o31ai_4        1
     sky130_fd_sc_hd__o32a_2         3
     sky130_fd_sc_hd__or2_2        287
     sky130_fd_sc_hd__or2_4         24
     sky130_fd_sc_hd__or2b_2        10
     sky130_fd_sc_hd__or3_2         10
     sky130_fd_sc_hd__or3_4          3
     sky130_fd_sc_hd__or3b_2         5
     sky130_fd_sc_hd__or3b_4         1
     sky130_fd_sc_hd__or4_2          3
     sky130_fd_sc_hd__xnor2_2        5
     sky130_fd_sc_hd__xor2_2        12
     sky130_sram_1kbyte_1rw1r_32x256_8      2

   Area for cell type \sky130_sram_1kbyte_1rw1r_32x256_8 is unknown!

   Chip area for module '\wrapper': 143177.318400

